mode: set
golearn/main.go:12.38,14.2 1 0
golearn/main.go:16.61,18.2 1 0
golearn/main.go:20.13,23.2 2 0
golearn/di/di.go:8.47,10.2 1 1
golearn/utils/utils.go:5.64,8.17 2 0
golearn/utils/utils.go:8.17,10.3 1 0
golearn/integer/integer.go:3.30,5.2 1 1
golearn/integer/integer.go:7.25,9.30 2 1
golearn/integer/integer.go:9.30,11.3 1 1
golearn/integer/integer.go:13.2,13.12 1 1
golearn/integer/integer.go:16.40,19.39 2 1
golearn/integer/integer.go:19.39,20.34 1 1
golearn/integer/integer.go:20.34,22.4 1 1
golearn/integer/integer.go:25.2,25.12 1 1
golearn/utils/utils.go:5.64,8.17 2 0
golearn/utils/utils.go:8.17,10.3 1 0
golearn/iteration/iteration.go:3.38,6.25 2 1
golearn/iteration/iteration.go:6.25,8.3 1 1
golearn/iteration/iteration.go:10.2,10.17 1 1
golearn/utils/utils.go:5.64,8.17 2 0
golearn/utils/utils.go:8.17,10.3 1 0
golearn/hello/hello.go:8.49,9.16 1 1
golearn/hello/hello.go:9.16,11.3 1 1
golearn/hello/hello.go:13.2,13.27 1 1
golearn/hello/hello.go:13.27,15.3 1 1
golearn/hello/hello.go:17.2,17.34 1 1
golearn/utils/utils.go:5.64,8.17 2 0
golearn/utils/utils.go:8.17,10.3 1 0
golearn/mock/mock.go:17.30,19.2 1 1
golearn/mock/mock.go:21.48,22.38 1 1
golearn/mock/mock.go:22.38,25.3 2 1
golearn/mock/mock.go:26.2,26.28 1 1
golearn/utils/utils.go:5.64,8.17 2 0
golearn/utils/utils.go:8.17,10.3 1 0
golearn/maps/maps.go:5.61,6.30 1 1
golearn/maps/maps.go:6.30,7.20 1 1
golearn/maps/maps.go:7.20,9.4 1 1
golearn/maps/maps.go:12.2,12.71 1 1
golearn/utils/utils.go:5.64,8.17 2 0
golearn/utils/utils.go:8.17,10.3 1 0
golearn/pointeranderr.go/pointeranderr.go:7.38,9.2 1 1
golearn/pointeranderr.go/pointeranderr.go:11.32,13.2 1 1
golearn/utils/utils.go:5.64,8.17 2 0
golearn/utils/utils.go:8.17,10.3 1 0
golearn/structs/structs.go:14.41,18.2 2 1
golearn/structs/structs.go:20.36,23.2 2 1
golearn/structs/structs.go:25.38,27.2 1 1
golearn/structs/structs.go:29.33,31.2 1 1
golearn/utils/utils.go:5.64,8.17 2 0
golearn/utils/utils.go:8.17,10.3 1 0
golearn/utils/utils.go:5.64,8.17 2 0
golearn/utils/utils.go:8.17,10.3 1 0
